<?xml version="1.0" encoding="UTF-8"?>
<!-- Generated by org.testng.reporters.JUnitReportReporter -->
<testsuite hostname="rajs-matrixx" failures="0" tests="1" name="RunCucumberTests" time="0.000" errors="0" timestamp="2020-04-21T09:37:16 BST" skipped="1">
  <testcase classname="RunCucumberTests" name="runScenario" time="0.000">
    <skipped/>
  </testcase> <!-- runScenario -->
  <system-out/>
</testsuite> <!-- RunCucumberTests -->
